2018-12-16 13:28:00,854 ERROR 6704 [-/::1/-/15ms GET /] nodejs.Error: Please set config.keys first
    at Application.get keys [as keys] (D:\Workspaces\WebStorm\egg\introduction\egg_hacker_news\node_modules\_egg@2.14.1@egg\lib\application.js:257:15)
    at Object.get cookies [as cookies] (D:\Workspaces\WebStorm\egg\introduction\egg_hacker_news\node_modules\_egg@2.14.1@egg\app\extend\context.js:22:66)
    at Object.get [egg-security#CSRF_SECRET] (D:\Workspaces\WebStorm\egg\introduction\egg_hacker_news\node_modules\_egg-security@2.4.1@egg-security\app\extend\context.js:86:33)
    at Object.ensureCsrfSecret (D:\Workspaces\WebStorm\egg\introduction\egg_hacker_news\node_modules\_egg-security@2.4.1@egg-security\app\extend\context.js:97:13)
    at csrf (D:\Workspaces\WebStorm\egg\introduction\egg_hacker_news\node_modules\_egg-security@2.4.1@egg-security\lib\middlewares\csrf.js:14:9)
    at dispatch (D:\Workspaces\WebStorm\egg\introduction\egg_hacker_news\node_modules\_koa-compose@4.1.0@koa-compose\index.js:42:32)
    at D:\Workspaces\WebStorm\egg\introduction\egg_hacker_news\node_modules\_koa-compose@4.1.0@koa-compose\index.js:34:12
    at dispatch (D:\Workspaces\WebStorm\egg\introduction\egg_hacker_news\node_modules\_koa-compose@4.1.0@koa-compose\index.js:42:32)
    at session (D:\Workspaces\WebStorm\egg\introduction\egg_hacker_news\node_modules\_koa-session@5.10.0@koa-session\index.js:41:13)
    at dispatch (D:\Workspaces\WebStorm\egg\introduction\egg_hacker_news\node_modules\_koa-compose@4.1.0@koa-compose\index.js:42:32)

pid: 6704
hostname: Phoebus-SouthGIS

2018-12-16 13:28:50,343 ERROR 6704 [-/127.0.0.1/-/16512ms GET /] nodejs.Error: Please set config.keys first
    at Application.get keys [as keys] (D:\Workspaces\WebStorm\egg\introduction\egg_hacker_news\node_modules\_egg@2.14.1@egg\lib\application.js:257:15)
    at Object.get cookies [as cookies] (D:\Workspaces\WebStorm\egg\introduction\egg_hacker_news\node_modules\_egg@2.14.1@egg\app\extend\context.js:22:66)
    at Object.get [egg-security#CSRF_SECRET] (D:\Workspaces\WebStorm\egg\introduction\egg_hacker_news\node_modules\_egg-security@2.4.1@egg-security\app\extend\context.js:86:33)
    at Object.ensureCsrfSecret (D:\Workspaces\WebStorm\egg\introduction\egg_hacker_news\node_modules\_egg-security@2.4.1@egg-security\app\extend\context.js:97:13)
    at csrf (D:\Workspaces\WebStorm\egg\introduction\egg_hacker_news\node_modules\_egg-security@2.4.1@egg-security\lib\middlewares\csrf.js:14:9)
    at dispatch (D:\Workspaces\WebStorm\egg\introduction\egg_hacker_news\node_modules\_koa-compose@4.1.0@koa-compose\index.js:42:32)
    at D:\Workspaces\WebStorm\egg\introduction\egg_hacker_news\node_modules\_koa-compose@4.1.0@koa-compose\index.js:34:12
    at dispatch (D:\Workspaces\WebStorm\egg\introduction\egg_hacker_news\node_modules\_koa-compose@4.1.0@koa-compose\index.js:42:32)
    at session (D:\Workspaces\WebStorm\egg\introduction\egg_hacker_news\node_modules\_koa-session@5.10.0@koa-session\index.js:41:13)
    at dispatch (D:\Workspaces\WebStorm\egg\introduction\egg_hacker_news\node_modules\_koa-compose@4.1.0@koa-compose\index.js:42:32)

pid: 6704
hostname: Phoebus-SouthGIS

2018-12-16 13:29:51,323 ERROR 6704 [-/::1/-/16237ms GET /] nodejs.Error: Please set config.keys first
    at Application.get keys [as keys] (D:\Workspaces\WebStorm\egg\introduction\egg_hacker_news\node_modules\_egg@2.14.1@egg\lib\application.js:257:15)
    at Object.get cookies [as cookies] (D:\Workspaces\WebStorm\egg\introduction\egg_hacker_news\node_modules\_egg@2.14.1@egg\app\extend\context.js:22:66)
    at Object.get [egg-security#CSRF_SECRET] (D:\Workspaces\WebStorm\egg\introduction\egg_hacker_news\node_modules\_egg-security@2.4.1@egg-security\app\extend\context.js:86:33)
    at Object.ensureCsrfSecret (D:\Workspaces\WebStorm\egg\introduction\egg_hacker_news\node_modules\_egg-security@2.4.1@egg-security\app\extend\context.js:97:13)
    at csrf (D:\Workspaces\WebStorm\egg\introduction\egg_hacker_news\node_modules\_egg-security@2.4.1@egg-security\lib\middlewares\csrf.js:14:9)
    at dispatch (D:\Workspaces\WebStorm\egg\introduction\egg_hacker_news\node_modules\_koa-compose@4.1.0@koa-compose\index.js:42:32)
    at D:\Workspaces\WebStorm\egg\introduction\egg_hacker_news\node_modules\_koa-compose@4.1.0@koa-compose\index.js:34:12
    at dispatch (D:\Workspaces\WebStorm\egg\introduction\egg_hacker_news\node_modules\_koa-compose@4.1.0@koa-compose\index.js:42:32)
    at session (D:\Workspaces\WebStorm\egg\introduction\egg_hacker_news\node_modules\_koa-session@5.10.0@koa-session\index.js:41:13)
    at dispatch (D:\Workspaces\WebStorm\egg\introduction\egg_hacker_news\node_modules\_koa-compose@4.1.0@koa-compose\index.js:42:32)

pid: 6704
hostname: Phoebus-SouthGIS

