2018-12-16 13:27:40,201 INFO 6704 [egg:logger] init all loggers with options: {"dir":"D:\\Workspaces\\WebStorm\\egg\\introduction\\egg_hacker_news\\logs\\egg_hacker_news","encoding":"utf8","env":"local","level":"INFO","consoleLevel":"INFO","disableConsoleAfterReady":false,"outputJSON":false,"buffer":true,"appLogName":"egg_hacker_news-web.log","coreLogName":"egg-web.log","agentLogName":"egg-agent.log","errorLogName":"common-error.log","coreLogger":{"consoleLevel":"WARN"},"allowDebugAtProd":false,"type":"application"}
2018-12-16 13:27:40,233 INFO 6704 [egg-schedule]: register schedule D:\Workspaces\WebStorm\egg\introduction\egg_hacker_news\node_modules\_egg-logrotator@3.0.5@egg-logrotator\app\schedule\clean_log.js
2018-12-16 13:27:40,234 INFO 6704 [egg-schedule]: register schedule D:\Workspaces\WebStorm\egg\introduction\egg_hacker_news\node_modules\_egg-logrotator@3.0.5@egg-logrotator\app\schedule\rotate_by_file.js
2018-12-16 13:27:40,234 INFO 6704 [egg-multipart] stream mode enable
2018-12-16 13:27:40,308 INFO 6704 [egg-static] starting static serve /public/ -> D:\Workspaces\WebStorm\egg\introduction\egg_hacker_news\app\public
2018-12-16 13:27:40,311 INFO 6704 [egg-security] use csrf middleware
2018-12-16 13:27:40,312 INFO 6704 [egg-security] use methodnoallow middleware
2018-12-16 13:27:40,312 INFO 6704 [egg-security] use noopen middleware
2018-12-16 13:27:40,313 INFO 6704 [egg-security] use nosniff middleware
2018-12-16 13:27:40,314 INFO 6704 [egg-security] use xssProtection middleware
2018-12-16 13:27:40,314 INFO 6704 [egg-security] use xframe middleware
2018-12-16 13:27:40,315 INFO 6704 [egg-security] use dta middleware
2018-12-16 13:27:40,315 INFO 6704 [egg-security] compose 7 middlewares into one security middleware
2018-12-16 13:27:40,327 INFO 6704 [egg:core] dump config after load, 9ms
2018-12-16 13:27:40,339 INFO 6704 [egg-watcher:application] watcher start success
2018-12-16 13:27:40,348 INFO 6704 [egg:core] dump config after ready, 8ms
2018-12-16 13:29:52,597 INFO 17688 [egg:logger] init all loggers with options: {"dir":"D:\\Workspaces\\WebStorm\\egg\\introduction\\egg_hacker_news\\logs\\egg_hacker_news","encoding":"utf8","env":"local","level":"INFO","consoleLevel":"INFO","disableConsoleAfterReady":false,"outputJSON":false,"buffer":true,"appLogName":"egg_hacker_news-web.log","coreLogName":"egg-web.log","agentLogName":"egg-agent.log","errorLogName":"common-error.log","coreLogger":{"consoleLevel":"WARN"},"allowDebugAtProd":false,"type":"application"}
2018-12-16 13:29:52,640 INFO 17688 [egg-schedule]: register schedule D:\Workspaces\WebStorm\egg\introduction\egg_hacker_news\node_modules\_egg-logrotator@3.0.5@egg-logrotator\app\schedule\clean_log.js
2018-12-16 13:29:52,640 INFO 17688 [egg-schedule]: register schedule D:\Workspaces\WebStorm\egg\introduction\egg_hacker_news\node_modules\_egg-logrotator@3.0.5@egg-logrotator\app\schedule\rotate_by_file.js
2018-12-16 13:29:52,641 INFO 17688 [egg-multipart] stream mode enable
2018-12-16 13:29:52,715 INFO 17688 [egg-static] starting static serve /public/ -> D:\Workspaces\WebStorm\egg\introduction\egg_hacker_news\app\public
2018-12-16 13:29:52,718 INFO 17688 [egg-security] use csrf middleware
2018-12-16 13:29:52,719 INFO 17688 [egg-security] use methodnoallow middleware
2018-12-16 13:29:52,719 INFO 17688 [egg-security] use noopen middleware
2018-12-16 13:29:52,720 INFO 17688 [egg-security] use nosniff middleware
2018-12-16 13:29:52,721 INFO 17688 [egg-security] use xssProtection middleware
2018-12-16 13:29:52,721 INFO 17688 [egg-security] use xframe middleware
2018-12-16 13:29:52,722 INFO 17688 [egg-security] use dta middleware
2018-12-16 13:29:52,722 INFO 17688 [egg-security] compose 7 middlewares into one security middleware
2018-12-16 13:29:52,735 INFO 17688 [egg:core] dump config after load, 10ms
2018-12-16 13:29:52,760 INFO 17688 [egg-watcher:application] watcher start success
2018-12-16 13:29:52,769 INFO 17688 [egg:core] dump config after ready, 7ms
